command: C:\Users\dwang\AppData\Local\Programs\Python\Python311\python.exe D:\桌面\Rigol\L1-08_sim\H2_fir_designer.py --input-csv D:\桌面\Rigol\L1-08_sim\data\h1_full_combined_random_20260528_024110\h2_target.csv --tap-num 64 --regularization 0.0003

[stdout]
input_csv: D:\桌面\Rigol\L1-08_sim\data\h1_full_combined_random_20260528_024110\h2_target.csv
coefficients_csv: D:\桌面\Rigol\L1-08_sim\data\h1_full_combined_random_20260528_024110\h2_fir_coefficients.csv
response_csv: D:\桌面\Rigol\L1-08_sim\data\h1_full_combined_random_20260528_024110\h2_actual_response.csv
plot: D:\桌面\Rigol\L1-08_sim\results\h1_full_combined_random_20260528_024110\h2_fir_design.png
summary_json: D:\桌面\Rigol\L1-08_sim\data\h1_full_combined_random_20260528_024110\run_summary.json
fs_hz: 12000000000
tap_num: 64
regularization: 3.000000e-04
group_delay_samples: 31.500000
points: 1001
f_min_hz: 3500000000
f_max_hz: 4500000000
ripple_before_db: 0.758438
ripple_after_db: 0.196890
meets_0p1db_target: False
max_abs_coeff: 6.027489006e-01
coeff_symmetry_max_error: 0.000000000e+00

[stderr]
