command: C:\Users\dwang\AppData\Local\Programs\Python\Python311\python.exe D:\桌面\Rigol\L1-08_sim\H2_fixed_point_quantizer.py --coefficients-csv D:\桌面\Rigol\L1-08_sim\data\h1_full_combined_random_20260528_023143\h2_fir_coefficients.csv --target-csv D:\桌面\Rigol\L1-08_sim\data\h1_full_combined_random_20260528_023143\h2_target.csv --coeff-total-bits 16 --coeff-frac-bits 12

[stdout]
coefficients_csv: D:\桌面\Rigol\L1-08_sim\data\h1_full_combined_random_20260528_023143\h2_fir_coefficients.csv
target_csv: D:\桌面\Rigol\L1-08_sim\data\h1_full_combined_random_20260528_023143\h2_target.csv
output_csv: D:\桌面\Rigol\L1-08_sim\data\h1_full_combined_random_20260528_023143\h2_fir_coefficients_fixed.csv
response_csv: D:\桌面\Rigol\L1-08_sim\data\h1_full_combined_random_20260528_023143\h2_fixed_point_response.csv
plot: D:\桌面\Rigol\L1-08_sim\results\h1_full_combined_random_20260528_023143\h2_fixed_point_quantization.png
summary_json: D:\桌面\Rigol\L1-08_sim\data\h1_full_combined_random_20260528_023143\run_summary.json
fs_hz: 12000000000
coeff_total_bits: 16
coeff_frac_bits: 12
coeff_lsb: 2.441406250000e-04
coeff_range: -8.000000000e+00 to 7.999755859e+00
tap_num: 80
saturation_count: 0
max_abs_coeff_float: 1.718382598e-01
max_abs_coeff_fixed: 1.718750000e-01
coeff_max_abs_error: 1.119657115e-04
coeff_rms_error: 6.922081329e-05
coeff_symmetry_max_error: 0.000000000e+00
ripple_before_db: 0.634547
ripple_after_float_db: 0.081761
ripple_after_fixed_db: 0.083437
meets_0p1db_target_fixed: True

[stderr]
