command: C:\Users\dwang\AppData\Local\Programs\Python\Python311\python.exe D:\桌面\Rigol\L1-08_sim\H2_fixed_point_quantizer.py --coefficients-csv D:\桌面\Rigol\L1-08_sim\data\h1_full_combined_random_20260528_024612\h2_fir_coefficients.csv --target-csv D:\桌面\Rigol\L1-08_sim\data\h1_full_combined_random_20260528_024612\h2_target.csv --coeff-total-bits 16 --coeff-frac-bits 12

[stdout]
coefficients_csv: D:\桌面\Rigol\L1-08_sim\data\h1_full_combined_random_20260528_024612\h2_fir_coefficients.csv
target_csv: D:\桌面\Rigol\L1-08_sim\data\h1_full_combined_random_20260528_024612\h2_target.csv
output_csv: D:\桌面\Rigol\L1-08_sim\data\h1_full_combined_random_20260528_024612\h2_fir_coefficients_fixed.csv
response_csv: D:\桌面\Rigol\L1-08_sim\data\h1_full_combined_random_20260528_024612\h2_fixed_point_response.csv
plot: D:\桌面\Rigol\L1-08_sim\results\h1_full_combined_random_20260528_024612\h2_fixed_point_quantization.png
summary_json: D:\桌面\Rigol\L1-08_sim\data\h1_full_combined_random_20260528_024612\run_summary.json
fs_hz: 12000000000
coeff_total_bits: 16
coeff_frac_bits: 12
coeff_lsb: 2.441406250000e-04
coeff_range: -8.000000000e+00 to 7.999755859e+00
tap_num: 96
saturation_count: 0
max_abs_coeff_float: 2.023129970e-01
max_abs_coeff_fixed: 2.023925781e-01
coeff_max_abs_error: 1.178161333e-04
coeff_rms_error: 7.103456177e-05
coeff_symmetry_max_error: 0.000000000e+00
ripple_before_db: 0.758438
ripple_after_float_db: 0.149065
ripple_after_fixed_db: 0.148566
meets_0p1db_target_fixed: False

[stderr]
