command: C:\Users\dwang\AppData\Local\Programs\Python\Python311\python.exe D:\桌面\Rigol\L1-08_sim\H2_fixed_point_quantizer.py --coefficients-csv D:\桌面\Rigol\L1-08_sim\data\h1_full_combined_random_20260528_023037\h2_fir_coefficients.csv --target-csv D:\桌面\Rigol\L1-08_sim\data\h1_full_combined_random_20260528_023037\h2_target.csv --coeff-total-bits 16 --coeff-frac-bits 14

[stdout]
coefficients_csv: D:\桌面\Rigol\L1-08_sim\data\h1_full_combined_random_20260528_023037\h2_fir_coefficients.csv
target_csv: D:\桌面\Rigol\L1-08_sim\data\h1_full_combined_random_20260528_023037\h2_target.csv
output_csv: D:\桌面\Rigol\L1-08_sim\data\h1_full_combined_random_20260528_023037\h2_fir_coefficients_fixed.csv
response_csv: D:\桌面\Rigol\L1-08_sim\data\h1_full_combined_random_20260528_023037\h2_fixed_point_response.csv
plot: D:\桌面\Rigol\L1-08_sim\results\h1_full_combined_random_20260528_023037\h2_fixed_point_quantization.png
summary_json: D:\桌面\Rigol\L1-08_sim\data\h1_full_combined_random_20260528_023037\run_summary.json
fs_hz: 12000000000
coeff_total_bits: 16
coeff_frac_bits: 14
coeff_lsb: 6.103515625000e-05
coeff_range: -2.000000000e+00 to 1.999938965e+00
tap_num: 80
saturation_count: 0
max_abs_coeff_float: 1.787457058e-01
max_abs_coeff_fixed: 1.787719727e-01
coeff_max_abs_error: 3.046984728e-05
coeff_rms_error: 1.857923457e-05
coeff_symmetry_max_error: 0.000000000e+00
ripple_before_db: 0.634547
ripple_after_float_db: 0.081075
ripple_after_fixed_db: 0.079597
meets_0p1db_target_fixed: True

[stderr]
