command: C:\Users\dwang\AppData\Local\Programs\Python\Python311\python.exe D:\桌面\Rigol\L1-08_sim\H2_fixed_point_quantizer.py --coefficients-csv D:\桌面\Rigol\L1-08_sim\data\h1_full_combined_random_20260528_023628\h2_fir_coefficients.csv --target-csv D:\桌面\Rigol\L1-08_sim\data\h1_full_combined_random_20260528_023628\h2_target.csv --coeff-total-bits 16 --coeff-frac-bits 13

[stdout]
coefficients_csv: D:\桌面\Rigol\L1-08_sim\data\h1_full_combined_random_20260528_023628\h2_fir_coefficients.csv
target_csv: D:\桌面\Rigol\L1-08_sim\data\h1_full_combined_random_20260528_023628\h2_target.csv
output_csv: D:\桌面\Rigol\L1-08_sim\data\h1_full_combined_random_20260528_023628\h2_fir_coefficients_fixed.csv
response_csv: D:\桌面\Rigol\L1-08_sim\data\h1_full_combined_random_20260528_023628\h2_fixed_point_response.csv
plot: D:\桌面\Rigol\L1-08_sim\results\h1_full_combined_random_20260528_023628\h2_fixed_point_quantization.png
summary_json: D:\桌面\Rigol\L1-08_sim\data\h1_full_combined_random_20260528_023628\run_summary.json
fs_hz: 12000000000
coeff_total_bits: 16
coeff_frac_bits: 13
coeff_lsb: 1.220703125000e-04
coeff_range: -4.000000000e+00 to 3.999877930e+00
tap_num: 80
saturation_count: 0
max_abs_coeff_float: 1.360334940e+00
max_abs_coeff_fixed: 1.360351562e+00
coeff_max_abs_error: 6.002742989e-05
coeff_rms_error: 4.012379908e-05
coeff_symmetry_max_error: 0.000000000e+00
ripple_before_db: 0.445925
ripple_after_float_db: 0.052350
ripple_after_fixed_db: 0.055569
meets_0p1db_target_fixed: True

[stderr]
